app/app/build/intermediates/manifest_merge_blame_file/debug/manifest-merger-blame-debug-report.txt
1<?xml version="1.0" encoding="utf-8"?>
2<manifest xmlns:android="http://schemas.android.com/apk/res/android"
3    package="com.example.profiscooter"
4    android:versionCode="1"
5    android:versionName="1.0" >
6
7    <uses-sdk
8        android:minSdkVersion="21"
8-->src\main\AndroidManifest.xml
9        android:targetSdkVersion="32" />
9-->src\main\AndroidManifest.xml
10
11    <uses-permission android:name="android.permission.ACCESS_FINE_LOCATION" />
11-->src\main\AndroidManifest.xml:6:5-79
11-->src\main\AndroidManifest.xml:6:22-76
12    <uses-permission android:name="android.permission.ACCESS_COARSE_LOCATION" />
12-->src\main\AndroidManifest.xml:7:5-81
12-->src\main\AndroidManifest.xml:7:22-78
13    <uses-permission android:name="android.permission.BLUETOOTH" />
13-->src\main\AndroidManifest.xml:8:5-68
13-->src\main\AndroidManifest.xml:8:22-65
14    <uses-permission android:name="android.permission.BLUETOOTH_ADMIN" />
14-->src\main\AndroidManifest.xml:9:5-74
14-->src\main\AndroidManifest.xml:9:22-71
15
16    <uses-feature android:name="android.hardware.location.gps" />
16-->src\main\AndroidManifest.xml:11:5-66
16-->src\main\AndroidManifest.xml:11:19-63
17
18    <uses-permission android:name="android.permission.BLUETOOTH_CONNECT" />
18-->src\main\AndroidManifest.xml:13:5-76
18-->src\main\AndroidManifest.xml:13:22-73
19    <uses-permission android:name="android.permission.INTERNET" />
19-->[com.google.firebase:firebase-auth:21.0.3] AndroidManifest.xml:23:5-67
19-->[com.google.firebase:firebase-auth:21.0.3] AndroidManifest.xml:23:22-64
20    <uses-permission android:name="android.permission.ACCESS_NETWORK_STATE" />
20-->[com.google.firebase:firebase-auth:21.0.3] AndroidManifest.xml:24:5-79
20-->[com.google.firebase:firebase-auth:21.0.3] AndroidManifest.xml:24:22-76
21
22    <uses-feature
22-->[com.google.android.gms:play-services-maps:18.0.2] AndroidManifest.xml:26:5-28:35
23        android:glEsVersion="0x00020000"
23-->[com.google.android.gms:play-services-maps:18.0.2] AndroidManifest.xml:27:9-41
24        android:required="true" />
24-->[com.google.android.gms:play-services-maps:18.0.2] AndroidManifest.xml:28:9-32
25
26    <queries>
26-->[com.google.android.gms:play-services-maps:18.0.2] AndroidManifest.xml:30:5-34:15
27
28        <!-- Needs to be explicitly declared on Android R+ -->
29        <package android:name="com.google.android.apps.maps" />
29-->[com.google.android.gms:play-services-maps:18.0.2] AndroidManifest.xml:33:9-64
29-->[com.google.android.gms:play-services-maps:18.0.2] AndroidManifest.xml:33:18-61
30    </queries>
31
32    <application
32-->src\main\AndroidManifest.xml:15:5-63:19
33        android:allowBackup="true"
33-->src\main\AndroidManifest.xml:16:9-35
34        android:appComponentFactory="androidx.core.app.CoreComponentFactory"
34-->[androidx.core:core:1.5.0] AndroidManifest.xml:24:18-86
35        android:debuggable="true"
36        android:icon="@mipmap/ic_launcher"
36-->src\main\AndroidManifest.xml:17:9-43
37        android:label="@string/app_name"
37-->src\main\AndroidManifest.xml:18:9-41
38        android:roundIcon="@mipmap/ic_launcher_round"
38-->src\main\AndroidManifest.xml:19:9-54
39        android:supportsRtl="true"
39-->src\main\AndroidManifest.xml:20:9-35
40        android:testOnly="true"
41        android:theme="@style/Theme.ProfiScooter" >
41-->src\main\AndroidManifest.xml:21:9-50
42
43        <!--
44             TODO: Before you run your application, you need a Google Maps API key.
45
46             To get one, follow the directions here:
47
48                https://developers.google.com/maps/documentation/android-sdk/get-api-key
49
50             Once you have your API key (it starts with "AIza"), define a new property in your
51             project's local.properties file (e.g. MAPS_API_KEY=Aiza...), and replace the
52             "YOUR_API_KEY" string in this file with "${MAPS_API_KEY}".
53        -->
54        <meta-data
54-->src\main\AndroidManifest.xml:34:9-36:71
55            android:name="com.google.android.geo.API_KEY"
55-->src\main\AndroidManifest.xml:35:13-58
56            android:value="AIzaSyCILGUI6YnmHm78tapSA2q9m2oi2vQpdC8" />
56-->src\main\AndroidManifest.xml:36:13-68
57
58        <activity
58-->src\main\AndroidManifest.xml:38:9-41:59
59            android:name="com.example.profiscooter.MapsActivity"
59-->src\main\AndroidManifest.xml:39:13-41
60            android:exported="false"
60-->src\main\AndroidManifest.xml:40:13-37
61            android:label="@string/title_activity_maps" />
61-->src\main\AndroidManifest.xml:41:13-56
62        <activity
62-->src\main\AndroidManifest.xml:42:9-44:40
63            android:name="com.example.profiscooter.ScooterDashboard"
63-->src\main\AndroidManifest.xml:43:13-45
64            android:exported="false" />
64-->src\main\AndroidManifest.xml:44:13-37
65        <activity
65-->src\main\AndroidManifest.xml:45:9-47:40
66            android:name="com.example.profiscooter.ForgotPassword"
66-->src\main\AndroidManifest.xml:46:13-43
67            android:exported="false" />
67-->src\main\AndroidManifest.xml:47:13-37
68        <activity
68-->src\main\AndroidManifest.xml:48:9-50:40
69            android:name="com.example.profiscooter.ProfileDashboard"
69-->src\main\AndroidManifest.xml:49:13-45
70            android:exported="false" />
70-->src\main\AndroidManifest.xml:50:13-37
71        <activity
71-->src\main\AndroidManifest.xml:51:9-53:40
72            android:name="com.example.profiscooter.RegisterUser"
72-->src\main\AndroidManifest.xml:52:13-41
73            android:exported="false" />
73-->src\main\AndroidManifest.xml:53:13-37
74        <activity
74-->src\main\AndroidManifest.xml:54:9-62:20
75            android:name="com.example.profiscooter.MainActivity"
75-->src\main\AndroidManifest.xml:55:13-41
76            android:exported="true" >
76-->src\main\AndroidManifest.xml:56:13-36
77            <intent-filter>
77-->src\main\AndroidManifest.xml:57:13-61:29
78                <action android:name="android.intent.action.MAIN" />
78-->src\main\AndroidManifest.xml:58:17-69
78-->src\main\AndroidManifest.xml:58:25-66
79
80                <category android:name="android.intent.category.LAUNCHER" />
80-->src\main\AndroidManifest.xml:60:17-77
80-->src\main\AndroidManifest.xml:60:27-74
81            </intent-filter>
82        </activity>
83        <activity
83-->[com.google.firebase:firebase-auth:21.0.3] AndroidManifest.xml:27:9-44:20
84            android:name="com.google.firebase.auth.internal.GenericIdpActivity"
84-->[com.google.firebase:firebase-auth:21.0.3] AndroidManifest.xml:28:13-80
85            android:excludeFromRecents="true"
85-->[com.google.firebase:firebase-auth:21.0.3] AndroidManifest.xml:29:13-46
86            android:exported="true"
86-->[com.google.firebase:firebase-auth:21.0.3] AndroidManifest.xml:30:13-36
87            android:launchMode="singleTask"
87-->[com.google.firebase:firebase-auth:21.0.3] AndroidManifest.xml:31:13-44
88            android:theme="@android:style/Theme.Translucent.NoTitleBar" >
88-->[com.google.firebase:firebase-auth:21.0.3] AndroidManifest.xml:32:13-72
89            <intent-filter>
89-->[com.google.firebase:firebase-auth:21.0.3] AndroidManifest.xml:33:13-43:29
90                <action android:name="android.intent.action.VIEW" />
90-->[com.google.firebase:firebase-auth:21.0.3] AndroidManifest.xml:34:17-69
90-->[com.google.firebase:firebase-auth:21.0.3] AndroidManifest.xml:34:25-66
91
92                <category android:name="android.intent.category.DEFAULT" />
92-->[com.google.firebase:firebase-auth:21.0.3] AndroidManifest.xml:36:17-76
92-->[com.google.firebase:firebase-auth:21.0.3] AndroidManifest.xml:36:27-73
93                <category android:name="android.intent.category.BROWSABLE" />
93-->[com.google.firebase:firebase-auth:21.0.3] AndroidManifest.xml:37:17-78
93-->[com.google.firebase:firebase-auth:21.0.3] AndroidManifest.xml:37:27-75
94
95                <data
95-->[com.google.firebase:firebase-auth:21.0.3] AndroidManifest.xml:39:17-42:51
96                    android:host="firebase.auth"
96-->[com.google.firebase:firebase-auth:21.0.3] AndroidManifest.xml:40:21-49
97                    android:path="/"
97-->[com.google.firebase:firebase-auth:21.0.3] AndroidManifest.xml:41:21-37
98                    android:scheme="genericidp" />
98-->[com.google.firebase:firebase-auth:21.0.3] AndroidManifest.xml:42:21-48
99            </intent-filter>
100        </activity>
101        <activity
101-->[com.google.firebase:firebase-auth:21.0.3] AndroidManifest.xml:45:9-62:20
102            android:name="com.google.firebase.auth.internal.RecaptchaActivity"
102-->[com.google.firebase:firebase-auth:21.0.3] AndroidManifest.xml:46:13-79
103            android:excludeFromRecents="true"
103-->[com.google.firebase:firebase-auth:21.0.3] AndroidManifest.xml:47:13-46
104            android:exported="true"
104-->[com.google.firebase:firebase-auth:21.0.3] AndroidManifest.xml:48:13-36
105            android:launchMode="singleTask"
105-->[com.google.firebase:firebase-auth:21.0.3] AndroidManifest.xml:49:13-44
106            android:theme="@android:style/Theme.Translucent.NoTitleBar" >
106-->[com.google.firebase:firebase-auth:21.0.3] AndroidManifest.xml:50:13-72
107            <intent-filter>
107-->[com.google.firebase:firebase-auth:21.0.3] AndroidManifest.xml:51:13-61:29
108                <action android:name="android.intent.action.VIEW" />
108-->[com.google.firebase:firebase-auth:21.0.3] AndroidManifest.xml:34:17-69
108-->[com.google.firebase:firebase-auth:21.0.3] AndroidManifest.xml:34:25-66
109
110                <category android:name="android.intent.category.DEFAULT" />
110-->[com.google.firebase:firebase-auth:21.0.3] AndroidManifest.xml:36:17-76
110-->[com.google.firebase:firebase-auth:21.0.3] AndroidManifest.xml:36:27-73
111                <category android:name="android.intent.category.BROWSABLE" />
111-->[com.google.firebase:firebase-auth:21.0.3] AndroidManifest.xml:37:17-78
111-->[com.google.firebase:firebase-auth:21.0.3] AndroidManifest.xml:37:27-75
112
113                <data
113-->[com.google.firebase:firebase-auth:21.0.3] AndroidManifest.xml:39:17-42:51
114                    android:host="firebase.auth"
114-->[com.google.firebase:firebase-auth:21.0.3] AndroidManifest.xml:40:21-49
115                    android:path="/"
115-->[com.google.firebase:firebase-auth:21.0.3] AndroidManifest.xml:41:21-37
116                    android:scheme="recaptcha" />
116-->[com.google.firebase:firebase-auth:21.0.3] AndroidManifest.xml:42:21-48
117            </intent-filter>
118        </activity>
119
120        <service
120-->[com.google.firebase:firebase-auth:21.0.3] AndroidManifest.xml:64:9-70:19
121            android:name="com.google.firebase.components.ComponentDiscoveryService"
121-->[com.google.firebase:firebase-auth:21.0.3] AndroidManifest.xml:65:13-84
122            android:directBootAware="true"
122-->[com.google.firebase:firebase-common:20.1.0] AndroidManifest.xml:35:13-43
123            android:exported="false" >
123-->[com.google.firebase:firebase-auth:21.0.3] AndroidManifest.xml:66:13-37
124            <meta-data
124-->[com.google.firebase:firebase-auth:21.0.3] AndroidManifest.xml:67:13-69:85
125                android:name="com.google.firebase.components:com.google.firebase.auth.FirebaseAuthRegistrar"
125-->[com.google.firebase:firebase-auth:21.0.3] AndroidManifest.xml:68:17-109
126                android:value="com.google.firebase.components.ComponentRegistrar" />
126-->[com.google.firebase:firebase-auth:21.0.3] AndroidManifest.xml:69:17-82
127            <meta-data
127-->[com.google.firebase:firebase-database:20.0.4] AndroidManifest.xml:32:13-34:85
128                android:name="com.google.firebase.components:com.google.firebase.database.DatabaseRegistrar"
128-->[com.google.firebase:firebase-database:20.0.4] AndroidManifest.xml:33:17-109
129                android:value="com.google.firebase.components.ComponentRegistrar" />
129-->[com.google.firebase:firebase-database:20.0.4] AndroidManifest.xml:34:17-82
130        </service> <!-- Needs to be explicitly declared on P+ -->
131        <uses-library
131-->[com.google.android.gms:play-services-maps:18.0.2] AndroidManifest.xml:39:9-41:40
132            android:name="org.apache.http.legacy"
132-->[com.google.android.gms:play-services-maps:18.0.2] AndroidManifest.xml:40:13-50
133            android:required="false" />
133-->[com.google.android.gms:play-services-maps:18.0.2] AndroidManifest.xml:41:13-37
134
135        <provider
135-->[com.google.firebase:firebase-common:20.1.0] AndroidManifest.xml:26:9-31:39
136            android:name="com.google.firebase.provider.FirebaseInitProvider"
136-->[com.google.firebase:firebase-common:20.1.0] AndroidManifest.xml:27:13-77
137            android:authorities="com.example.profiscooter.firebaseinitprovider"
137-->[com.google.firebase:firebase-common:20.1.0] AndroidManifest.xml:28:13-72
138            android:directBootAware="true"
138-->[com.google.firebase:firebase-common:20.1.0] AndroidManifest.xml:29:13-43
139            android:exported="false"
139-->[com.google.firebase:firebase-common:20.1.0] AndroidManifest.xml:30:13-37
140            android:initOrder="100" />
140-->[com.google.firebase:firebase-common:20.1.0] AndroidManifest.xml:31:13-36
141
142        <activity
142-->[com.google.android.gms:play-services-base:18.0.1] AndroidManifest.xml:20:9-22:45
143            android:name="com.google.android.gms.common.api.GoogleApiActivity"
143-->[com.google.android.gms:play-services-base:18.0.1] AndroidManifest.xml:20:19-85
144            android:exported="false"
144-->[com.google.android.gms:play-services-base:18.0.1] AndroidManifest.xml:22:19-43
145            android:theme="@android:style/Theme.Translucent.NoTitleBar" />
145-->[com.google.android.gms:play-services-base:18.0.1] AndroidManifest.xml:21:19-78
146
147        <meta-data
147-->[com.google.android.gms:play-services-basement:18.0.0] AndroidManifest.xml:21:9-23:69
148            android:name="com.google.android.gms.version"
148-->[com.google.android.gms:play-services-basement:18.0.0] AndroidManifest.xml:22:13-58
149            android:value="@integer/google_play_services_version" />
149-->[com.google.android.gms:play-services-basement:18.0.0] AndroidManifest.xml:23:13-66
150    </application>
151
152</manifest>